#
# There is insufficient memory for the Java Runtime Environment to continue.
# Native memory allocation (malloc) failed to allocate 32784 bytes for Chunk::new
# Possible reasons:
#   The system is out of physical RAM or swap space
#   The process is running with CompressedOops enabled, and the Java Heap may be blocking the growth of the native heap
# Possible solutions:
#   Reduce memory load on the system
#   Increase physical memory or swap space
#   Check if swap backing store is full
#   Decrease Java heap size (-Xmx/-Xms)
#   Decrease number of Java threads
#   Decrease Java thread stack sizes (-Xss)
#   Set larger code cache with -XX:ReservedCodeCacheSize=
#   JVM is running with Unscaled Compressed Oops mode in which the Java heap is
#     placed in the first 4GB address space. The Java Heap base address is the
#     maximum limit for the native heap growth. Please use -XX:HeapBaseMinAddress
#     to set the Java Heap base and to place the Java Heap above 4GB virtual address.
# This output file may be truncated or incomplete.
#
#  Out of Memory Error (arena.cpp:189), pid=3464, tid=8556
#
# JRE version: OpenJDK Runtime Environment Temurin-17.0.5+8 (17.0.5+8) (build 17.0.5+8)
# Java VM: OpenJDK 64-Bit Server VM Temurin-17.0.5+8 (17.0.5+8, mixed mode, tiered, compressed oops, compressed class ptrs, parallel gc, windows-amd64)
# No core dump will be written. Minidumps are not enabled by default on client versions of Windows
#

---------------  S U M M A R Y ------------

Command Line: --add-modules=ALL-SYSTEM --add-opens=java.base/java.util=ALL-UNNAMED --add-opens=java.base/java.lang=ALL-UNNAMED --add-opens=java.base/sun.nio.fs=ALL-UNNAMED -Declipse.application=org.eclipse.jdt.ls.core.id1 -Dosgi.bundles.defaultStartLevel=4 -Declipse.product=org.eclipse.jdt.ls.core.product -Djava.import.generatesMetadataFilesAtProjectRoot=false -Dfile.encoding=utf8 -Xlog:disable -XX:+UseParallelGC -XX:GCTimeRatio=4 -XX:AdaptiveSizePolicyWeight=90 -Dsun.zip.disableMemoryMapping=true -Xmx1G -Xms100m -javaagent:c:\Users\Gyurácz Olivér\.vscode\extensions\redhat.java-1.14.0-win32-x64\lombok\lombok-1.18.24.jar c:\Users\Gyurácz Olivér\.vscode\extensions\redhat.java-1.14.0-win32-x64\server\plugins\org.eclipse.equinox.launcher_1.6.400.v20210924-0641.jar -configuration c:\Users\Gyurácz Olivér\AppData\Roaming\Code\User\globalStorage\redhat.java\1.14.0\config_ss_win -data c:\Users\Gyurácz Olivér\AppData\Roaming\Code\User\workspaceStorage\fdb14725f38622bb21c486fddf9c0f2f\redhat.java\ss_ws

Host: Intel(R) Core(TM) i5-5300U CPU @ 2.30GHz, 4 cores, 7G,  Windows 10 , 64 bit Build 19041 (10.0.19041.2546)
Time: Sat Feb 11 14:36:47 2023 Közép-európai téli idBuild 19041 (10.0.19041.2546) elapsed time: 58.471739 seconds (0d 0h 0m 58s)

---------------  T H R E A D  ---------------

Current thread (0x000002e65469a670):  JavaThread "C2 CompilerThread1" daemon [_thread_in_native, id=8556, stack(0x000000e879c00000,0x000000e879d00000)]


Current CompileTask:
C2:  58471 4917       4       org.eclipse.jdt.internal.core.JavaModelCache::peekAtInfo (135 bytes)

Stack: [0x000000e879c00000,0x000000e879d00000]
Native frames: (J=compiled Java code, j=interpreted, Vv=VM code, C=native code)
V  [jvm.dll+0x676b3a]
V  [jvm.dll+0x831444]
V  [jvm.dll+0x832bee]
V  [jvm.dll+0x833253]
V  [jvm.dll+0x244ce5]
V  [jvm.dll+0xabbac]
V  [jvm.dll+0xac17c]
V  [jvm.dll+0x69b922]
V  [jvm.dll+0x69bd63]
V  [jvm.dll+0x69d474]
V  [jvm.dll+0x343e2f]
V  [jvm.dll+0x3495a3]
V  [jvm.dll+0x33e682]
V  [jvm.dll+0x345f6c]
V  [jvm.dll+0x689f19]
V  [jvm.dll+0x68a31e]
V  [jvm.dll+0x68cc41]
V  [jvm.dll+0x686f0b]
V  [jvm.dll+0x686547]
V  [jvm.dll+0x684442]
V  [jvm.dll+0x1a668c]
V  [jvm.dll+0x1a7256]
V  [jvm.dll+0x2aaf94]
V  [jvm.dll+0x68ee27]
V  [jvm.dll+0x686f0b]
V  [jvm.dll+0x686547]
V  [jvm.dll+0x684442]
V  [jvm.dll+0x1a668c]
V  [jvm.dll+0x1a7256]
V  [jvm.dll+0x1a7256]
V  [jvm.dll+0x2aaf94]
V  [jvm.dll+0x68ee27]
V  [jvm.dll+0x686f0b]
V  [jvm.dll+0x686547]
V  [jvm.dll+0x684442]
V  [jvm.dll+0x1a668c]
V  [jvm.dll+0x1a7256]
V  [jvm.dll+0x2aaf94]
V  [jvm.dll+0x68ee27]
V  [jvm.dll+0x686f0b]
V  [jvm.dll+0x686547]
V  [jvm.dll+0x684442]
V  [jvm.dll+0x1a668c]
V  [jvm.dll+0x216b38]
V  [jvm.dll+0x1a343d]
V  [jvm.dll+0x22698a]
V  [jvm.dll+0x224ac5]
V  [jvm.dll+0x7e727b]
V  [jvm.dll+0x7e17ea]
V  [jvm.dll+0x6759e5]
C  [ucrtbase.dll+0x21bb2]
C  [KERNEL32.DLL+0x17614]
C  [ntdll.dll+0x526a1]


---------------  P R O C E S S  ---------------

Threads class SMR info:
_java_thread_list=0x000002e651276e70, length=27, elements={
0x000002e636b0f930, 0x000002e64c84f750, 0x000002e64c850750, 0x000002e64c87dcd0,
0x000002e64c881000, 0x000002e64c882f90, 0x000002e64c885160, 0x000002e64c8b3870,
0x000002e64c8b4220, 0x000002e64c8b5a60, 0x000002e64e2c5c40, 0x000002e64e4ec5f0,
0x000002e652461250, 0x000002e65258efc0, 0x000002e6524cb020, 0x000002e652491e90,
0x000002e6527af5b0, 0x000002e6526fb2e0, 0x000002e65280bd10, 0x000002e65280b840,
0x000002e65280c1e0, 0x000002e65280e390, 0x000002e65280ed30, 0x000002e65280b370,
0x000002e65280c6b0, 0x000002e65280d050, 0x000002e65469a670
}

Java Threads: ( => current thread )
  0x000002e636b0f930 JavaThread "main" [_thread_blocked, id=9868, stack(0x000000e879d00000,0x000000e879e00000)]
  0x000002e64c84f750 JavaThread "Reference Handler" daemon [_thread_blocked, id=4724, stack(0x000000e87a000000,0x000000e87a100000)]
  0x000002e64c850750 JavaThread "Finalizer" daemon [_thread_blocked, id=8680, stack(0x000000e87a100000,0x000000e87a200000)]
  0x000002e64c87dcd0 JavaThread "Signal Dispatcher" daemon [_thread_blocked, id=1932, stack(0x000000e87a200000,0x000000e87a300000)]
  0x000002e64c881000 JavaThread "Attach Listener" daemon [_thread_blocked, id=11600, stack(0x000000e87a300000,0x000000e87a400000)]
  0x000002e64c882f90 JavaThread "Service Thread" daemon [_thread_blocked, id=4292, stack(0x000000e87a400000,0x000000e87a500000)]
  0x000002e64c885160 JavaThread "Monitor Deflation Thread" daemon [_thread_blocked, id=10444, stack(0x000000e87a500000,0x000000e87a600000)]
  0x000002e64c8b3870 JavaThread "C2 CompilerThread0" daemon [_thread_in_native, id=6796, stack(0x000000e87a600000,0x000000e87a700000)]
  0x000002e64c8b4220 JavaThread "C1 CompilerThread0" daemon [_thread_blocked, id=7968, stack(0x000000e87a700000,0x000000e87a800000)]
  0x000002e64c8b5a60 JavaThread "Sweeper thread" daemon [_thread_blocked, id=1680, stack(0x000000e87a800000,0x000000e87a900000)]
  0x000002e64e2c5c40 JavaThread "Common-Cleaner" daemon [_thread_blocked, id=7312, stack(0x000000e87a900000,0x000000e87aa00000)]
  0x000002e64e4ec5f0 JavaThread "Notification Thread" daemon [_thread_blocked, id=7092, stack(0x000000e87aa00000,0x000000e87ab00000)]
  0x000002e652461250 JavaThread "Active Thread: Equinox Container: aa3dc8ec-0afe-4ce5-83c9-e7e95b1b6a36" [_thread_blocked, id=2252, stack(0x000000e87b000000,0x000000e87b100000)]
  0x000002e65258efc0 JavaThread "Framework Event Dispatcher: Equinox Container: aa3dc8ec-0afe-4ce5-83c9-e7e95b1b6a36" daemon [_thread_blocked, id=4072, stack(0x000000e87af00000,0x000000e87b000000)]
  0x000002e6524cb020 JavaThread "Start Level: Equinox Container: aa3dc8ec-0afe-4ce5-83c9-e7e95b1b6a36" daemon [_thread_blocked, id=9012, stack(0x000000e87b100000,0x000000e87b200000)]
  0x000002e652491e90 JavaThread "SCR Component Actor" daemon [_thread_blocked, id=3500, stack(0x000000e87b200000,0x000000e87b300000)]
  0x000002e6527af5b0 JavaThread "Worker-JM" [_thread_blocked, id=2568, stack(0x000000e87b400000,0x000000e87b500000)]
  0x000002e6526fb2e0 JavaThread "Worker-0" [_thread_blocked, id=11500, stack(0x000000e87b600000,0x000000e87b700000)]
  0x000002e65280bd10 JavaThread "Worker-1" [_thread_blocked, id=2460, stack(0x000000e87b700000,0x000000e87b800000)]
  0x000002e65280b840 JavaThread "JNA Cleaner" daemon [_thread_blocked, id=4136, stack(0x000000e87b500000,0x000000e87b600000)]
  0x000002e65280c1e0 JavaThread "pool-2-thread-1" [_thread_blocked, id=2808, stack(0x000000e87ba00000,0x000000e87bb00000)]
  0x000002e65280e390 JavaThread "pool-1-thread-1" [_thread_blocked, id=1564, stack(0x000000e87bb00000,0x000000e87bc00000)]
  0x000002e65280ed30 JavaThread "Worker-2" [_thread_blocked, id=4924, stack(0x000000e87b300000,0x000000e87b400000)]
  0x000002e65280b370 JavaThread "ForkJoinPool.commonPool-worker-1" daemon [_thread_in_Java, id=8780, stack(0x000000e87bc00000,0x000000e87bd00000)]
  0x000002e65280c6b0 JavaThread "ForkJoinPool.commonPool-worker-2" daemon [_thread_blocked, id=8560, stack(0x000000e87bd00000,0x000000e87be00000)]
  0x000002e65280d050 JavaThread "ForkJoinPool.commonPool-worker-3" daemon [_thread_blocked, id=2044, stack(0x000000e87be00000,0x000000e87bf00000)]
=>0x000002e65469a670 JavaThread "C2 CompilerThread1" daemon [_thread_in_native, id=8556, stack(0x000000e879c00000,0x000000e879d00000)]

Other Threads:
  0x000002e64c759310 VMThread "VM Thread" [stack: 0x000000e879f00000,0x000000e87a000000] [id=1984]
  0x000002e64e493b40 WatcherThread [stack: 0x000000e87ab00000,0x000000e87ac00000] [id=12016]
  0x000002e636b280e0 GCTaskThread "GC Thread#0" [stack: 0x000000e879e00000,0x000000e879f00000] [id=1508]
  0x000002e651965010 GCTaskThread "GC Thread#1" [stack: 0x000000e87ac00000,0x000000e87ad00000] [id=3972]
  0x000002e651228110 GCTaskThread "GC Thread#2" [stack: 0x000000e87ad00000,0x000000e87ae00000] [id=7016]
  0x000002e6519652c0 GCTaskThread "GC Thread#3" [stack: 0x000000e87ae00000,0x000000e87af00000] [id=7592]

Threads with active compile tasks:
C2 CompilerThread0    58562 4907       4       org.eclipse.jdt.internal.core.JavaElement::getElementInfo (27 bytes)
C2 CompilerThread1    58562 4917       4       org.eclipse.jdt.internal.core.JavaModelCache::peekAtInfo (135 bytes)

VM state: not at safepoint (normal execution)

VM Mutex/Monitor currently owned by a thread: None

Heap address: 0x00000000c0000000, size: 1024 MB, Compressed Oops mode: 32-bit

CDS archive(s) not mapped
Compressed class space mapped at: 0x0000000100000000-0x0000000140000000, reserved size: 1073741824
Narrow klass base: 0x0000000000000000, Narrow klass shift: 3, Narrow klass range: 0x140000000

GC Precious Log:
 CPUs: 4 total, 4 available
 Memory: 8071M
 Large Page Support: Disabled
 NUMA Support: Disabled
 Compressed Oops: Enabled (32-bit)
 Alignments: Space 512K, Generation 512K, Heap 2M
 Heap Min Capacity: 100M
 Heap Initial Capacity: 100M
 Heap Max Capacity: 1G
 Pre-touch: Disabled
 Parallel Workers: 4

Heap:
 PSYoungGen      total 20992K, used 4505K [0x00000000eab00000, 0x00000000ec180000, 0x0000000100000000)
  eden space 20480K, 21% used [0x00000000eab00000,0x00000000eaf3e7c0,0x00000000ebf00000)
  from space 512K, 31% used [0x00000000ec080000,0x00000000ec0a8000,0x00000000ec100000)
  to   space 512K, 0% used [0x00000000ec100000,0x00000000ec100000,0x00000000ec180000)
 ParOldGen       total 68608K, used 54365K [0x00000000c0000000, 0x00000000c4300000, 0x00000000eab00000)
  object space 68608K, 79% used [0x00000000c0000000,0x00000000c3517590,0x00000000c4300000)
 Metaspace       used 46711K, committed 47424K, reserved 1097728K
  class space    used 4717K, committed 4992K, reserved 1048576K

Card table byte_map: [0x000002e64a150000,0x000002e64a360000] _byte_map_base: 0x000002e649b50000

Marking Bits: (ParMarkBitMap*) 0x00007ffab1580dd0
 Begin Bits: [0x000002e64a4c0000, 0x000002e64b4c0000)
 End Bits:   [0x000002e64b4c0000, 0x000002e64c4c0000)

Polling page: 0x000002e636960000

Metaspace:

Usage:
  Non-class:     41.01 MB used.
      Class:      4.61 MB used.
       Both:     45.62 MB used.

Virtual space:
  Non-class space:       48.00 MB reserved,      41.44 MB ( 86%) committed,  6 nodes.
      Class space:        1.00 GB reserved,       4.88 MB ( <1%) committed,  1 nodes.
             Both:        1.05 GB reserved,      46.31 MB (  4%) committed. 

Chunk freelists:
   Non-Class:  2.03 MB
       Class:  2.94 MB
        Both:  4.97 MB

MaxMetaspaceSize: unlimited
CompressedClassSpaceSize: 1.00 GB
Initial GC threshold: 21.00 MB
Current GC threshold: 58.38 MB
CDS: off
MetaspaceReclaimPolicy: balanced
 - commit_granule_bytes: 65536.
 - commit_granule_words: 8192.
 - virtual_space_node_default_size: 1048576.
 - enlarge_chunks_in_place: 1.
 - new_chunks_are_fully_committed: 0.
 - uncommit_free_chunks: 1.
 - use_allocation_guard: 0.
 - handle_deallocations: 1.


Internal statistics:

num_allocs_failed_limit: 6.
num_arena_births: 316.
num_arena_deaths: 14.
num_vsnodes_births: 7.
num_vsnodes_deaths: 0.
num_space_committed: 741.
num_space_uncommitted: 0.
num_chunks_returned_to_freelist: 20.
num_chunks_taken_from_freelist: 1860.
num_chunk_merges: 10.
num_chunk_splits: 1259.
num_chunks_enlarged: 856.
num_purges: 2.
num_inconsistent_stats: 0.

CodeHeap 'non-profiled nmethods': size=120000Kb used=3425Kb max_used=3425Kb free=116574Kb
 bounds [0x000002e642a40000, 0x000002e642da0000, 0x000002e649f70000]
CodeHeap 'profiled nmethods': size=120000Kb used=9871Kb max_used=10278Kb free=110128Kb
 bounds [0x000002e63b510000, 0x000002e63bf20000, 0x000002e642a40000]
CodeHeap 'non-nmethods': size=5760Kb used=1322Kb max_used=1402Kb free=4438Kb
 bounds [0x000002e63af70000, 0x000002e63b1e0000, 0x000002e63b510000]
 total_blobs=4964 nmethods=4306 adapters=572
 compilation: enabled
              stopped_count=0, restarted_count=0
 full_count=0

Compilation events (20 events):
Event: 58.448 Thread 0x000002e64c8b4220 nmethod 4922 0x000002e63b828890 code [0x000002e63b828a60, 0x000002e63b8290f8]
Event: 58.448 Thread 0x000002e64c8b4220 4923       3       org.eclipse.jdt.internal.core.util.LRUCache::removeKey (31 bytes)
Event: 58.448 Thread 0x000002e64c8b4220 nmethod 4923 0x000002e63b828190 code [0x000002e63b828360, 0x000002e63b828758]
Event: 58.449 Thread 0x000002e64c8b4220 4924   !   3       org.eclipse.jdt.internal.core.ElementCache::close (38 bytes)
Event: 58.449 Thread 0x000002e64c8b4220 nmethod 4924 0x000002e63bb26390 code [0x000002e63bb26580, 0x000002e63bb26af8]
Event: 58.449 Thread 0x000002e64c8b4220 4926       3       org.eclipse.jdt.internal.core.Openable::closeBuffer (35 bytes)
Event: 58.450 Thread 0x000002e64c8b4220 nmethod 4926 0x000002e63bb25010 code [0x000002e63bb25260, 0x000002e63bb25f58]
Event: 58.450 Thread 0x000002e64c8b4220 4925       3       org.eclipse.jdt.internal.core.Openable::closing (5 bytes)
Event: 58.451 Thread 0x000002e64c8b4220 nmethod 4925 0x000002e63bb23f90 code [0x000002e63bb241c0, 0x000002e63bb24c88]
Event: 58.451 Thread 0x000002e64c8b4220 4927       3       org.eclipse.jdt.internal.core.BinaryType::closing (10 bytes)
Event: 58.451 Thread 0x000002e64c8b4220 nmethod 4927 0x000002e63bb23710 code [0x000002e63bb238e0, 0x000002e63bb23e18]
Event: 58.451 Thread 0x000002e64c8b4220 4928       3       org.eclipse.jdt.internal.core.BinaryType::getClassFileInfo (11 bytes)
Event: 58.452 Thread 0x000002e64c8b4220 nmethod 4928 0x000002e63bb23010 code [0x000002e63bb231c0, 0x000002e63bb235e8]
Event: 58.452 Thread 0x000002e64c8b4220 4929   !   3       org.eclipse.jdt.internal.core.Openable::canBeRemovedFromCache (16 bytes)
Event: 58.452 Thread 0x000002e64c8b4220 nmethod 4929 0x000002e63b827c90 code [0x000002e63b827e40, 0x000002e63b8280a8]
Event: 58.452 Thread 0x000002e64c8b4220 4930       3       org.eclipse.jdt.internal.core.ClassFile::close (47 bytes)
Event: 58.452 Thread 0x000002e65469a670 4921   !   4       org.eclipse.jdt.internal.core.JavaModelManager::closeChildren (94 bytes)
Event: 58.453 Thread 0x000002e64c8b4220 nmethod 4930 0x000002e63bb22690 code [0x000002e63bb22880, 0x000002e63bb22df8]
Event: 58.461 Thread 0x000002e65469a670 nmethod 4921 0x000002e642d97f90 code [0x000002e642d98140, 0x000002e642d98448]
Event: 58.461 Thread 0x000002e65469a670 4917       4       org.eclipse.jdt.internal.core.JavaModelCache::peekAtInfo (135 bytes)

GC Heap History (20 events):
Event: 57.659 GC heap before
{Heap before GC invocations=404 (full 2):
 PSYoungGen      total 20992K, used 19902K [0x00000000eab00000, 0x00000000ec180000, 0x0000000100000000)
  eden space 20480K, 96% used [0x00000000eab00000,0x00000000ebe4f900,0x00000000ebf00000)
  from space 512K, 25% used [0x00000000ec080000,0x00000000ec0a0000,0x00000000ec100000)
  to   space 512K, 0% used [0x00000000ec100000,0x00000000ec100000,0x00000000ec180000)
 ParOldGen       total 68608K, used 53837K [0x00000000c0000000, 0x00000000c4300000, 0x00000000eab00000)
  object space 68608K, 78% used [0x00000000c0000000,0x00000000c3493590,0x00000000c4300000)
 Metaspace       used 46693K, committed 47360K, reserved 1097728K
  class space    used 4717K, committed 4992K, reserved 1048576K
}
Event: 57.660 GC heap after
{Heap after GC invocations=404 (full 2):
 PSYoungGen      total 20992K, used 128K [0x00000000eab00000, 0x00000000ec180000, 0x0000000100000000)
  eden space 20480K, 0% used [0x00000000eab00000,0x00000000eab00000,0x00000000ebf00000)
  from space 512K, 25% used [0x00000000ec100000,0x00000000ec120000,0x00000000ec180000)
  to   space 512K, 0% used [0x00000000ec080000,0x00000000ec080000,0x00000000ec100000)
 ParOldGen       total 68608K, used 53893K [0x00000000c0000000, 0x00000000c4300000, 0x00000000eab00000)
  object space 68608K, 78% used [0x00000000c0000000,0x00000000c34a1590,0x00000000c4300000)
 Metaspace       used 46693K, committed 47360K, reserved 1097728K
  class space    used 4717K, committed 4992K, reserved 1048576K
}
Event: 57.747 GC heap before
{Heap before GC invocations=405 (full 2):
 PSYoungGen      total 20992K, used 19551K [0x00000000eab00000, 0x00000000ec180000, 0x0000000100000000)
  eden space 20480K, 94% used [0x00000000eab00000,0x00000000ebdf7df0,0x00000000ebf00000)
  from space 512K, 25% used [0x00000000ec100000,0x00000000ec120000,0x00000000ec180000)
  to   space 512K, 0% used [0x00000000ec080000,0x00000000ec080000,0x00000000ec100000)
 ParOldGen       total 68608K, used 53893K [0x00000000c0000000, 0x00000000c4300000, 0x00000000eab00000)
  object space 68608K, 78% used [0x00000000c0000000,0x00000000c34a1590,0x00000000c4300000)
 Metaspace       used 46693K, committed 47360K, reserved 1097728K
  class space    used 4717K, committed 4992K, reserved 1048576K
}
Event: 57.748 GC heap after
{Heap after GC invocations=405 (full 2):
 PSYoungGen      total 20992K, used 128K [0x00000000eab00000, 0x00000000ec180000, 0x0000000100000000)
  eden space 20480K, 0% used [0x00000000eab00000,0x00000000eab00000,0x00000000ebf00000)
  from space 512K, 25% used [0x00000000ec080000,0x00000000ec0a0000,0x00000000ec100000)
  to   space 512K, 0% used [0x00000000ec100000,0x00000000ec100000,0x00000000ec180000)
 ParOldGen       total 68608K, used 53933K [0x00000000c0000000, 0x00000000c4300000, 0x00000000eab00000)
  object space 68608K, 78% used [0x00000000c0000000,0x00000000c34ab590,0x00000000c4300000)
 Metaspace       used 46693K, committed 47360K, reserved 1097728K
  class space    used 4717K, committed 4992K, reserved 1048576K
}
Event: 57.808 GC heap before
{Heap before GC invocations=406 (full 2):
 PSYoungGen      total 20992K, used 19638K [0x00000000eab00000, 0x00000000ec180000, 0x0000000100000000)
  eden space 20480K, 95% used [0x00000000eab00000,0x00000000ebe0da80,0x00000000ebf00000)
  from space 512K, 25% used [0x00000000ec080000,0x00000000ec0a0000,0x00000000ec100000)
  to   space 512K, 0% used [0x00000000ec100000,0x00000000ec100000,0x00000000ec180000)
 ParOldGen       total 68608K, used 53933K [0x00000000c0000000, 0x00000000c4300000, 0x00000000eab00000)
  object space 68608K, 78% used [0x00000000c0000000,0x00000000c34ab590,0x00000000c4300000)
 Metaspace       used 46693K, committed 47360K, reserved 1097728K
  class space    used 4717K, committed 4992K, reserved 1048576K
}
Event: 57.809 GC heap after
{Heap after GC invocations=406 (full 2):
 PSYoungGen      total 20992K, used 128K [0x00000000eab00000, 0x00000000ec180000, 0x0000000100000000)
  eden space 20480K, 0% used [0x00000000eab00000,0x00000000eab00000,0x00000000ebf00000)
  from space 512K, 25% used [0x00000000ec100000,0x00000000ec120000,0x00000000ec180000)
  to   space 512K, 0% used [0x00000000ec080000,0x00000000ec080000,0x00000000ec100000)
 ParOldGen       total 68608K, used 53981K [0x00000000c0000000, 0x00000000c4300000, 0x00000000eab00000)
  object space 68608K, 78% used [0x00000000c0000000,0x00000000c34b7590,0x00000000c4300000)
 Metaspace       used 46693K, committed 47360K, reserved 1097728K
  class space    used 4717K, committed 4992K, reserved 1048576K
}
Event: 57.868 GC heap before
{Heap before GC invocations=407 (full 2):
 PSYoungGen      total 20992K, used 19640K [0x00000000eab00000, 0x00000000ec180000, 0x0000000100000000)
  eden space 20480K, 95% used [0x00000000eab00000,0x00000000ebe0e380,0x00000000ebf00000)
  from space 512K, 25% used [0x00000000ec100000,0x00000000ec120000,0x00000000ec180000)
  to   space 512K, 0% used [0x00000000ec080000,0x00000000ec080000,0x00000000ec100000)
 ParOldGen       total 68608K, used 53981K [0x00000000c0000000, 0x00000000c4300000, 0x00000000eab00000)
  object space 68608K, 78% used [0x00000000c0000000,0x00000000c34b7590,0x00000000c4300000)
 Metaspace       used 46693K, committed 47360K, reserved 1097728K
  class space    used 4717K, committed 4992K, reserved 1048576K
}
Event: 57.869 GC heap after
{Heap after GC invocations=407 (full 2):
 PSYoungGen      total 20992K, used 128K [0x00000000eab00000, 0x00000000ec180000, 0x0000000100000000)
  eden space 20480K, 0% used [0x00000000eab00000,0x00000000eab00000,0x00000000ebf00000)
  from space 512K, 25% used [0x00000000ec080000,0x00000000ec0a0000,0x00000000ec100000)
  to   space 512K, 0% used [0x00000000ec100000,0x00000000ec100000,0x00000000ec180000)
 ParOldGen       total 68608K, used 54037K [0x00000000c0000000, 0x00000000c4300000, 0x00000000eab00000)
  object space 68608K, 78% used [0x00000000c0000000,0x00000000c34c5590,0x00000000c4300000)
 Metaspace       used 46693K, committed 47360K, reserved 1097728K
  class space    used 4717K, committed 4992K, reserved 1048576K
}
Event: 57.930 GC heap before
{Heap before GC invocations=408 (full 2):
 PSYoungGen      total 20992K, used 19548K [0x00000000eab00000, 0x00000000ec180000, 0x0000000100000000)
  eden space 20480K, 94% used [0x00000000eab00000,0x00000000ebdf7098,0x00000000ebf00000)
  from space 512K, 25% used [0x00000000ec080000,0x00000000ec0a0000,0x00000000ec100000)
  to   space 512K, 0% used [0x00000000ec100000,0x00000000ec100000,0x00000000ec180000)
 ParOldGen       total 68608K, used 54037K [0x00000000c0000000, 0x00000000c4300000, 0x00000000eab00000)
  object space 68608K, 78% used [0x00000000c0000000,0x00000000c34c5590,0x00000000c4300000)
 Metaspace       used 46693K, committed 47360K, reserved 1097728K
  class space    used 4717K, committed 4992K, reserved 1048576K
}
Event: 57.930 GC heap after
{Heap after GC invocations=408 (full 2):
 PSYoungGen      total 20992K, used 128K [0x00000000eab00000, 0x00000000ec180000, 0x0000000100000000)
  eden space 20480K, 0% used [0x00000000eab00000,0x00000000eab00000,0x00000000ebf00000)
  from space 512K, 25% used [0x00000000ec100000,0x00000000ec120000,0x00000000ec180000)
  to   space 512K, 0% used [0x00000000ec080000,0x00000000ec080000,0x00000000ec100000)
 ParOldGen       total 68608K, used 54101K [0x00000000c0000000, 0x00000000c4300000, 0x00000000eab00000)
  object space 68608K, 78% used [0x00000000c0000000,0x00000000c34d5590,0x00000000c4300000)
 Metaspace       used 46693K, committed 47360K, reserved 1097728K
  class space    used 4717K, committed 4992K, reserved 1048576K
}
Event: 57.993 GC heap before
{Heap before GC invocations=409 (full 2):
 PSYoungGen      total 20992K, used 19901K [0x00000000eab00000, 0x00000000ec180000, 0x0000000100000000)
  eden space 20480K, 96% used [0x00000000eab00000,0x00000000ebe4f6d0,0x00000000ebf00000)
  from space 512K, 25% used [0x00000000ec100000,0x00000000ec120000,0x00000000ec180000)
  to   space 512K, 0% used [0x00000000ec080000,0x00000000ec080000,0x00000000ec100000)
 ParOldGen       total 68608K, used 54101K [0x00000000c0000000, 0x00000000c4300000, 0x00000000eab00000)
  object space 68608K, 78% used [0x00000000c0000000,0x00000000c34d5590,0x00000000c4300000)
 Metaspace       used 46693K, committed 47360K, reserved 1097728K
  class space    used 4717K, committed 4992K, reserved 1048576K
}
Event: 57.993 GC heap after
{Heap after GC invocations=409 (full 2):
 PSYoungGen      total 20992K, used 96K [0x00000000eab00000, 0x00000000ec180000, 0x0000000100000000)
  eden space 20480K, 0% used [0x00000000eab00000,0x00000000eab00000,0x00000000ebf00000)
  from space 512K, 18% used [0x00000000ec080000,0x00000000ec098000,0x00000000ec100000)
  to   space 512K, 0% used [0x00000000ec100000,0x00000000ec100000,0x00000000ec180000)
 ParOldGen       total 68608K, used 54141K [0x00000000c0000000, 0x00000000c4300000, 0x00000000eab00000)
  object space 68608K, 78% used [0x00000000c0000000,0x00000000c34df590,0x00000000c4300000)
 Metaspace       used 46693K, committed 47360K, reserved 1097728K
  class space    used 4717K, committed 4992K, reserved 1048576K
}
Event: 58.080 GC heap before
{Heap before GC invocations=410 (full 2):
 PSYoungGen      total 20992K, used 19893K [0x00000000eab00000, 0x00000000ec180000, 0x0000000100000000)
  eden space 20480K, 96% used [0x00000000eab00000,0x00000000ebe55688,0x00000000ebf00000)
  from space 512K, 18% used [0x00000000ec080000,0x00000000ec098000,0x00000000ec100000)
  to   space 512K, 0% used [0x00000000ec100000,0x00000000ec100000,0x00000000ec180000)
 ParOldGen       total 68608K, used 54141K [0x00000000c0000000, 0x00000000c4300000, 0x00000000eab00000)
  object space 68608K, 78% used [0x00000000c0000000,0x00000000c34df590,0x00000000c4300000)
 Metaspace       used 46693K, committed 47360K, reserved 1097728K
  class space    used 4717K, committed 4992K, reserved 1048576K
}
Event: 58.080 GC heap after
{Heap after GC invocations=410 (full 2):
 PSYoungGen      total 20992K, used 128K [0x00000000eab00000, 0x00000000ec180000, 0x0000000100000000)
  eden space 20480K, 0% used [0x00000000eab00000,0x00000000eab00000,0x00000000ebf00000)
  from space 512K, 25% used [0x00000000ec100000,0x00000000ec120000,0x00000000ec180000)
  to   space 512K, 0% used [0x00000000ec080000,0x00000000ec080000,0x00000000ec100000)
 ParOldGen       total 68608K, used 54181K [0x00000000c0000000, 0x00000000c4300000, 0x00000000eab00000)
  object space 68608K, 78% used [0x00000000c0000000,0x00000000c34e9590,0x00000000c4300000)
 Metaspace       used 46693K, committed 47360K, reserved 1097728K
  class space    used 4717K, committed 4992K, reserved 1048576K
}
Event: 58.201 GC heap before
{Heap before GC invocations=411 (full 2):
 PSYoungGen      total 20992K, used 19711K [0x00000000eab00000, 0x00000000ec180000, 0x0000000100000000)
  eden space 20480K, 95% used [0x00000000eab00000,0x00000000ebe1fe68,0x00000000ebf00000)
  from space 512K, 25% used [0x00000000ec100000,0x00000000ec120000,0x00000000ec180000)
  to   space 512K, 0% used [0x00000000ec080000,0x00000000ec080000,0x00000000ec100000)
 ParOldGen       total 68608K, used 54181K [0x00000000c0000000, 0x00000000c4300000, 0x00000000eab00000)
  object space 68608K, 78% used [0x00000000c0000000,0x00000000c34e9590,0x00000000c4300000)
 Metaspace       used 46693K, committed 47360K, reserved 1097728K
  class space    used 4717K, committed 4992K, reserved 1048576K
}
Event: 58.201 GC heap after
{Heap after GC invocations=411 (full 2):
 PSYoungGen      total 20992K, used 128K [0x00000000eab00000, 0x00000000ec180000, 0x0000000100000000)
  eden space 20480K, 0% used [0x00000000eab00000,0x00000000eab00000,0x00000000ebf00000)
  from space 512K, 25% used [0x00000000ec080000,0x00000000ec0a0000,0x00000000ec100000)
  to   space 512K, 0% used [0x00000000ec100000,0x00000000ec100000,0x00000000ec180000)
 ParOldGen       total 68608K, used 54237K [0x00000000c0000000, 0x00000000c4300000, 0x00000000eab00000)
  object space 68608K, 79% used [0x00000000c0000000,0x00000000c34f7590,0x00000000c4300000)
 Metaspace       used 46693K, committed 47360K, reserved 1097728K
  class space    used 4717K, committed 4992K, reserved 1048576K
}
Event: 58.327 GC heap before
{Heap before GC invocations=412 (full 2):
 PSYoungGen      total 20992K, used 19658K [0x00000000eab00000, 0x00000000ec180000, 0x0000000100000000)
  eden space 20480K, 95% used [0x00000000eab00000,0x00000000ebe12820,0x00000000ebf00000)
  from space 512K, 25% used [0x00000000ec080000,0x00000000ec0a0000,0x00000000ec100000)
  to   space 512K, 0% used [0x00000000ec100000,0x00000000ec100000,0x00000000ec180000)
 ParOldGen       total 68608K, used 54237K [0x00000000c0000000, 0x00000000c4300000, 0x00000000eab00000)
  object space 68608K, 79% used [0x00000000c0000000,0x00000000c34f7590,0x00000000c4300000)
 Metaspace       used 46693K, committed 47360K, reserved 1097728K
  class space    used 4717K, committed 4992K, reserved 1048576K
}
Event: 58.328 GC heap after
{Heap after GC invocations=412 (full 2):
 PSYoungGen      total 20992K, used 128K [0x00000000eab00000, 0x00000000ec180000, 0x0000000100000000)
  eden space 20480K, 0% used [0x00000000eab00000,0x00000000eab00000,0x00000000ebf00000)
  from space 512K, 25% used [0x00000000ec100000,0x00000000ec120000,0x00000000ec180000)
  to   space 512K, 0% used [0x00000000ec080000,0x00000000ec080000,0x00000000ec100000)
 ParOldGen       total 68608K, used 54301K [0x00000000c0000000, 0x00000000c4300000, 0x00000000eab00000)
  object space 68608K, 79% used [0x00000000c0000000,0x00000000c3507590,0x00000000c4300000)
 Metaspace       used 46693K, committed 47360K, reserved 1097728K
  class space    used 4717K, committed 4992K, reserved 1048576K
}
Event: 58.414 GC heap before
{Heap before GC invocations=413 (full 2):
 PSYoungGen      total 20992K, used 20131K [0x00000000eab00000, 0x00000000ec180000, 0x0000000100000000)
  eden space 20480K, 97% used [0x00000000eab00000,0x00000000ebe88d40,0x00000000ebf00000)
  from space 512K, 25% used [0x00000000ec100000,0x00000000ec120000,0x00000000ec180000)
  to   space 512K, 0% used [0x00000000ec080000,0x00000000ec080000,0x00000000ec100000)
 ParOldGen       total 68608K, used 54301K [0x00000000c0000000, 0x00000000c4300000, 0x00000000eab00000)
  object space 68608K, 79% used [0x00000000c0000000,0x00000000c3507590,0x00000000c4300000)
 Metaspace       used 46693K, committed 47360K, reserved 1097728K
  class space    used 4717K, committed 4992K, reserved 1048576K
}
Event: 58.415 GC heap after
{Heap after GC invocations=413 (full 2):
 PSYoungGen      total 20992K, used 160K [0x00000000eab00000, 0x00000000ec180000, 0x0000000100000000)
  eden space 20480K, 0% used [0x00000000eab00000,0x00000000eab00000,0x00000000ebf00000)
  from space 512K, 31% used [0x00000000ec080000,0x00000000ec0a8000,0x00000000ec100000)
  to   space 512K, 0% used [0x00000000ec100000,0x00000000ec100000,0x00000000ec180000)
 ParOldGen       total 68608K, used 54365K [0x00000000c0000000, 0x00000000c4300000, 0x00000000eab00000)
  object space 68608K, 79% used [0x00000000c0000000,0x00000000c3517590,0x00000000c4300000)
 Metaspace       used 46693K, committed 47360K, reserved 1097728K
  class space    used 4717K, committed 4992K, reserved 1048576K
}

Dll operation events (10 events):
Event: 0.013 Loaded shared library c:\Users\Gyurácz Olivér\.vscode\extensions\redhat.java-1.14.0-win32-x64\jre\17.0.5-win32-x86_64\bin\java.dll
Event: 0.261 Loaded shared library c:\Users\Gyurácz Olivér\.vscode\extensions\redhat.java-1.14.0-win32-x64\jre\17.0.5-win32-x86_64\bin\zip.dll
Event: 0.273 Loaded shared library C:\Users\Gyurácz Olivér\.vscode\extensions\redhat.java-1.14.0-win32-x64\jre\17.0.5-win32-x86_64\bin\instrument.dll
Event: 0.325 Loaded shared library C:\Users\Gyurácz Olivér\.vscode\extensions\redhat.java-1.14.0-win32-x64\jre\17.0.5-win32-x86_64\bin\net.dll
Event: 0.334 Loaded shared library C:\Users\Gyurácz Olivér\.vscode\extensions\redhat.java-1.14.0-win32-x64\jre\17.0.5-win32-x86_64\bin\nio.dll
Event: 0.349 Loaded shared library C:\Users\Gyurácz Olivér\.vscode\extensions\redhat.java-1.14.0-win32-x64\jre\17.0.5-win32-x86_64\bin\zip.dll
Event: 0.379 Loaded shared library C:\Users\Gyurácz Olivér\.vscode\extensions\redhat.java-1.14.0-win32-x64\jre\17.0.5-win32-x86_64\bin\jimage.dll
Event: 0.482 Loaded shared library c:\Users\Gyurácz Olivér\.vscode\extensions\redhat.java-1.14.0-win32-x64\jre\17.0.5-win32-x86_64\bin\verify.dll
Event: 2.782 Loaded shared library C:\Users\Gyurácz Olivér\AppData\Roaming\Code\User\globalStorage\redhat.java\1.14.0\config_ss_win\org.eclipse.equinox.launcher\org.eclipse.equinox.launcher.win32.win32.x86_64_1.2.700.v20221108-1024\eclipse_11801.dll
Event: 6.704 Loaded shared library C:\Users\Gyurácz Olivér\AppData\Local\Temp\jna--393894262\jna2364430412205006078.dll

Deoptimization events (20 events):
Event: 58.434 Thread 0x000002e65280b370 Uncommon trap: trap_request=0xffffff45 fr.pc=0x000002e642a79bb8 relative=0x0000000000001f38
Event: 58.434 Thread 0x000002e65280b370 Uncommon trap: reason=unstable_if action=reinterpret pc=0x000002e642a79bb8 method=org.eclipse.jdt.internal.core.OverflowingLRUCache.makeSpace(I)Z @ 19 c2
Event: 58.434 Thread 0x000002e65280b370 DEOPT PACKING pc=0x000002e642a79bb8 sp=0x000000e87bcfe010
Event: 58.435 Thread 0x000002e65280b370 DEOPT UNPACKING pc=0x000002e63afc20a3 sp=0x000000e87bcfdf08 mode 2
Event: 58.435 Thread 0x000002e65280b370 Uncommon trap: trap_request=0xffffffde fr.pc=0x000002e642b3570c relative=0x0000000000008fac
Event: 58.435 Thread 0x000002e65280b370 Uncommon trap: reason=class_check action=maybe_recompile pc=0x000002e642b3570c method=org.eclipse.jdt.internal.core.JavaModelCache.getInfo(Lorg/eclipse/jdt/core/IJavaElement;)Ljava/lang/Object; @ 91 c2
Event: 58.435 Thread 0x000002e65280b370 DEOPT PACKING pc=0x000002e642b3570c sp=0x000000e87bcfd980
Event: 58.435 Thread 0x000002e65280b370 DEOPT UNPACKING pc=0x000002e63afc20a3 sp=0x000000e87bcfd8d0 mode 2
Event: 58.435 Thread 0x000002e65280b370 Uncommon trap: trap_request=0xffffff45 fr.pc=0x000002e642b0f620 relative=0x0000000000000120
Event: 58.435 Thread 0x000002e65280b370 Uncommon trap: reason=unstable_if action=reinterpret pc=0x000002e642b0f620 method=org.eclipse.jdt.internal.core.OverflowingLRUCache.updateTimestamp(Lorg/eclipse/jdt/internal/core/util/LRUCache$LRUCacheEntry;)V @ 4 c2
Event: 58.435 Thread 0x000002e65280b370 DEOPT PACKING pc=0x000002e642b0f620 sp=0x000000e87bcfd860
Event: 58.435 Thread 0x000002e65280b370 DEOPT UNPACKING pc=0x000002e63afc20a3 sp=0x000000e87bcfd800 mode 2
Event: 58.435 Thread 0x000002e65280b370 Uncommon trap: trap_request=0xffffffde fr.pc=0x000002e642b3570c relative=0x0000000000008fac
Event: 58.435 Thread 0x000002e65280b370 Uncommon trap: reason=class_check action=maybe_recompile pc=0x000002e642b3570c method=org.eclipse.jdt.internal.core.JavaModelCache.getInfo(Lorg/eclipse/jdt/core/IJavaElement;)Ljava/lang/Object; @ 91 c2
Event: 58.435 Thread 0x000002e65280b370 DEOPT PACKING pc=0x000002e642b3570c sp=0x000000e87bcfd980
Event: 58.435 Thread 0x000002e65280b370 DEOPT UNPACKING pc=0x000002e63afc20a3 sp=0x000000e87bcfd8d0 mode 2
Event: 58.435 Thread 0x000002e65280b370 Uncommon trap: trap_request=0xffffff45 fr.pc=0x000002e642b95e30 relative=0x0000000000003150
Event: 58.435 Thread 0x000002e65280b370 Uncommon trap: reason=unstable_if action=reinterpret pc=0x000002e642b95e30 method=org.eclipse.jdt.internal.core.OverflowingLRUCache.updateTimestamp(Lorg/eclipse/jdt/internal/core/util/LRUCache$LRUCacheEntry;)V @ 4 c2
Event: 58.435 Thread 0x000002e65280b370 DEOPT PACKING pc=0x000002e642b95e30 sp=0x000000e87bcfd930
Event: 58.435 Thread 0x000002e65280b370 DEOPT UNPACKING pc=0x000002e63afc20a3 sp=0x000000e87bcfd7e8 mode 2

Classes unloaded (7 events):
Event: 4.153 Thread 0x000002e64c759310 Unloading class 0x0000000100212800 'java/lang/invoke/LambdaForm$MH+0x0000000100212800'
Event: 4.153 Thread 0x000002e64c759310 Unloading class 0x0000000100212400 'java/lang/invoke/LambdaForm$MH+0x0000000100212400'
Event: 4.153 Thread 0x000002e64c759310 Unloading class 0x0000000100212000 'java/lang/invoke/LambdaForm$MH+0x0000000100212000'
Event: 4.153 Thread 0x000002e64c759310 Unloading class 0x0000000100211c00 'java/lang/invoke/LambdaForm$MH+0x0000000100211c00'
Event: 4.153 Thread 0x000002e64c759310 Unloading class 0x0000000100211400 'java/lang/invoke/LambdaForm$BMH+0x0000000100211400'
Event: 4.153 Thread 0x000002e64c759310 Unloading class 0x0000000100211000 'java/lang/invoke/LambdaForm$DMH+0x0000000100211000'
Event: 4.153 Thread 0x000002e64c759310 Unloading class 0x000000010020c400 'java/lang/invoke/LambdaForm$DMH+0x000000010020c400'

Classes redefined (0 events):
No events

Internal exceptions (20 events):
Event: 16.095 Thread 0x000002e65280e390 Exception <a 'java/lang/NoSuchMethodError'{0x00000000eb0a6350}: 'int java.lang.invoke.DirectMethodHandle$Holder.invokeStatic(java.lang.Object, java.lang.Object, java.lang.Object, int)'> (0x00000000eb0a6350) 
thrown [s\src\hotspot\share\interpreter\linkResolver.cpp, line 759]
Event: 16.257 Thread 0x000002e65280e390 Exception <a 'java/lang/NoClassDefFoundError'{0x00000000eb494a30}: org/eclipse/jdt/internal/core/CompilationUnit> (0x00000000eb494a30) 
thrown [s\src\hotspot\share\classfile\systemDictionary.cpp, line 245]
Event: 16.684 Thread 0x000002e65280d050 Exception <a 'java/lang/ArrayIndexOutOfBoundsException'{0x00000000eb3cce00}: Index 2004 out of bounds for length 2003> (0x00000000eb3cce00) 
thrown [s\src\hotspot\share\interpreter\interpreterRuntime.cpp, line 428]
Event: 16.925 Thread 0x000002e65280bd10 Exception <a 'java/lang/NullPointerException'{0x00000000eb66ebe0}> (0x00000000eb66ebe0) 
thrown [s\src\hotspot\share\interpreter\linkResolver.cpp, line 1350]
Event: 17.049 Thread 0x000002e65280bd10 Exception <a 'java/io/FileNotFoundException'{0x00000000eb771388}> (0x00000000eb771388) 
thrown [s\src\hotspot\share\prims\jni.cpp, line 516]
Event: 17.049 Thread 0x000002e65280bd10 Exception <a 'java/io/FileNotFoundException'{0x00000000eb7727a8}> (0x00000000eb7727a8) 
thrown [s\src\hotspot\share\prims\jni.cpp, line 516]
Event: 17.059 Thread 0x000002e65280bd10 Exception <a 'java/lang/NullPointerException'{0x00000000eb7aed18}> (0x00000000eb7aed18) 
thrown [s\src\hotspot\share\interpreter\linkResolver.cpp, line 1350]
Event: 17.485 Thread 0x000002e65280b370 Exception <a 'java/lang/NullPointerException'{0x00000000eba58270}> (0x00000000eba58270) 
thrown [s\src\hotspot\share\interpreter\linkResolver.cpp, line 1350]
Event: 17.566 Thread 0x000002e65280d050 Exception <a 'java/lang/NoSuchMethodError'{0x00000000ebd340d8}: 'java.lang.Object java.lang.invoke.DirectMethodHandle$Holder.invokeStatic(java.lang.Object, int, java.lang.Object)'> (0x00000000ebd340d8) 
thrown [s\src\hotspot\share\interpreter\linkResolver.cpp, line 759]
Event: 17.659 Thread 0x000002e65280bd10 Exception <a 'java/lang/NullPointerException'{0x00000000eac4bee0}> (0x00000000eac4bee0) 
thrown [s\src\hotspot\share\interpreter\linkResolver.cpp, line 1350]
Event: 17.759 Thread 0x000002e65280e390 Exception <a 'java/lang/ClassNotFoundException'{0x00000000eae12278}: sun/util/logging/resources/spi/loggingProvider> (0x00000000eae12278) 
thrown [s\src\hotspot\share\classfile\systemDictionary.cpp, line 256]
Event: 17.772 Thread 0x000002e65280b370 Exception <a 'java/lang/ArrayIndexOutOfBoundsException'{0x00000000eae50f50}> (0x00000000eae50f50) 
thrown [s\src\hotspot\share\runtime\sharedRuntime.cpp, line 628]
Event: 18.249 Thread 0x000002e65280bd10 Exception <a 'java/lang/NullPointerException'{0x00000000eb17fe40}> (0x00000000eb17fe40) 
thrown [s\src\hotspot\share\interpreter\linkResolver.cpp, line 1350]
Event: 18.324 Thread 0x000002e65280b370 Exception <a 'java/lang/NullPointerException'{0x00000000eb2477f8}> (0x00000000eb2477f8) 
thrown [s\src\hotspot\share\interpreter\linkResolver.cpp, line 1350]
Event: 18.331 Thread 0x000002e65280b370 Exception <a 'java/lang/ArrayIndexOutOfBoundsException'{0x00000000eb256918}: Index 2006 out of bounds for length 2006> (0x00000000eb256918) 
thrown [s\src\hotspot\share\interpreter\interpreterRuntime.cpp, line 428]
Event: 18.331 Thread 0x000002e65280b370 Exception <a 'java/lang/ArrayIndexOutOfBoundsException'{0x00000000eb256d58}: Index 2006 out of bounds for length 2006> (0x00000000eb256d58) 
thrown [s\src\hotspot\share\interpreter\interpreterRuntime.cpp, line 428]
Event: 18.331 Thread 0x000002e65280b370 Exception <a 'java/lang/ArrayIndexOutOfBoundsException'{0x00000000eb257138}: Index 2007 out of bounds for length 2006> (0x00000000eb257138) 
thrown [s\src\hotspot\share\interpreter\interpreterRuntime.cpp, line 428]
Event: 18.904 Thread 0x000002e65280bd10 Exception <a 'java/lang/NullPointerException'{0x00000000ebe99a58}> (0x00000000ebe99a58) 
thrown [s\src\hotspot\share\interpreter\linkResolver.cpp, line 1350]
Event: 19.063 Thread 0x000002e65280bd10 Exception <a 'java/lang/NullPointerException'{0x00000000eab87848}> (0x00000000eab87848) 
thrown [s\src\hotspot\share\interpreter\linkResolver.cpp, line 1350]
Event: 19.231 Thread 0x000002e65280bd10 Exception <a 'java/lang/NullPointerException'{0x00000000ebb4da98}> (0x00000000ebb4da98) 
thrown [s\src\hotspot\share\interpreter\linkResolver.cpp, line 1350]

VM Operations (20 events):
Event: 57.659 Executing VM operation: ParallelGCFailedAllocation
Event: 57.660 Executing VM operation: ParallelGCFailedAllocation done
Event: 57.747 Executing VM operation: ParallelGCFailedAllocation
Event: 57.748 Executing VM operation: ParallelGCFailedAllocation done
Event: 57.808 Executing VM operation: ParallelGCFailedAllocation
Event: 57.809 Executing VM operation: ParallelGCFailedAllocation done
Event: 57.868 Executing VM operation: ParallelGCFailedAllocation
Event: 57.869 Executing VM operation: ParallelGCFailedAllocation done
Event: 57.930 Executing VM operation: ParallelGCFailedAllocation
Event: 57.930 Executing VM operation: ParallelGCFailedAllocation done
Event: 57.993 Executing VM operation: ParallelGCFailedAllocation
Event: 57.993 Executing VM operation: ParallelGCFailedAllocation done
Event: 58.080 Executing VM operation: ParallelGCFailedAllocation
Event: 58.080 Executing VM operation: ParallelGCFailedAllocation done
Event: 58.200 Executing VM operation: ParallelGCFailedAllocation
Event: 58.201 Executing VM operation: ParallelGCFailedAllocation done
Event: 58.327 Executing VM operation: ParallelGCFailedAllocation
Event: 58.328 Executing VM operation: ParallelGCFailedAllocation done
Event: 58.414 Executing VM operation: ParallelGCFailedAllocation
Event: 58.415 Executing VM operation: ParallelGCFailedAllocation done

Events (20 events):
Event: 18.292 Thread 0x000002e64c8b5a60 flushing nmethod 0x000002e63bd61790
Event: 18.292 Thread 0x000002e64c8b5a60 flushing nmethod 0x000002e63bd62290
Event: 18.292 Thread 0x000002e64c8b5a60 flushing nmethod 0x000002e63bd63990
Event: 18.292 Thread 0x000002e64c8b5a60 flushing nmethod 0x000002e63bd67c10
Event: 18.293 Thread 0x000002e64c8b5a60 flushing nmethod 0x000002e63bd8da90
Event: 18.293 Thread 0x000002e64c8b5a60 flushing nmethod 0x000002e63bd90410
Event: 18.293 Thread 0x000002e64c8b5a60 flushing nmethod 0x000002e63bda4110
Event: 18.293 Thread 0x000002e64c8b5a60 flushing nmethod 0x000002e63bdbe390
Event: 18.293 Thread 0x000002e64c8b5a60 flushing nmethod 0x000002e63bdc2f10
Event: 18.293 Thread 0x000002e64c8b5a60 flushing nmethod 0x000002e63bdc4610
Event: 18.293 Thread 0x000002e64c8b5a60 flushing nmethod 0x000002e63bdea590
Event: 18.293 Thread 0x000002e64c8b5a60 flushing nmethod 0x000002e63be43010
Event: 18.293 Thread 0x000002e64c8b5a60 flushing nmethod 0x000002e63be8de10
Event: 18.293 Thread 0x000002e64c8b5a60 flushing nmethod 0x000002e63be8f110
Event: 18.293 Thread 0x000002e64c8b5a60 flushing nmethod 0x000002e63bea7f90
Event: 18.632 Thread 0x000002e6547a61a0 Thread exited: 0x000002e6547a61a0
Event: 18.951 Thread 0x000002e65469a670 Thread added: 0x000002e65469a670
Event: 19.382 Thread 0x000002e65469a670 Thread exited: 0x000002e65469a670
Event: 28.544 Thread 0x000002e64c8b5a60 flushing nmethod 0x000002e63bcec690
Event: 58.452 Thread 0x000002e65469a670 Thread added: 0x000002e65469a670


Dynamic libraries:
0x00007ff6c5960000 - 0x00007ff6c596e000 	c:\Users\Gyurácz Olivér\.vscode\extensions\redhat.java-1.14.0-win32-x64\jre\17.0.5-win32-x86_64\bin\java.exe
0x00007ffadfa10000 - 0x00007ffadfc08000 	C:\Windows\SYSTEM32\ntdll.dll
0x00007ffade510000 - 0x00007ffade5cf000 	C:\Windows\System32\KERNEL32.DLL
0x00007ffadd180000 - 0x00007ffadd452000 	C:\Windows\System32\KERNELBASE.dll
0x00007ffadd6d0000 - 0x00007ffadd7d0000 	C:\Windows\System32\ucrtbase.dll
0x00007ffad8ae0000 - 0x00007ffad8af7000 	c:\Users\Gyurácz Olivér\.vscode\extensions\redhat.java-1.14.0-win32-x64\jre\17.0.5-win32-x86_64\bin\jli.dll
0x00007ffade660000 - 0x00007ffade801000 	C:\Windows\System32\USER32.dll
0x00007ffadd7d0000 - 0x00007ffadd7f2000 	C:\Windows\System32\win32u.dll
0x00007ffadf940000 - 0x00007ffadf96b000 	C:\Windows\System32\GDI32.dll
0x00007ffad8530000 - 0x00007ffad8549000 	c:\Users\Gyurácz Olivér\.vscode\extensions\redhat.java-1.14.0-win32-x64\jre\17.0.5-win32-x86_64\bin\VCRUNTIME140.dll
0x00007ffadd800000 - 0x00007ffadd90f000 	C:\Windows\System32\gdi32full.dll
0x00007ffadd5c0000 - 0x00007ffadd65d000 	C:\Windows\System32\msvcp_win.dll
0x00007ffacd070000 - 0x00007ffacd30a000 	C:\Windows\WinSxS\amd64_microsoft.windows.common-controls_6595b64144ccf1df_6.0.19041.1110_none_60b5254171f9507e\COMCTL32.dll
0x00007ffaddc00000 - 0x00007ffaddc9e000 	C:\Windows\System32\msvcrt.dll
0x00007ffadeea0000 - 0x00007ffadeed2000 	C:\Windows\System32\IMM32.DLL
0x00007ffada820000 - 0x00007ffada82c000 	c:\Users\Gyurácz Olivér\.vscode\extensions\redhat.java-1.14.0-win32-x64\jre\17.0.5-win32-x86_64\bin\vcruntime140_1.dll
0x00007ffabd6a0000 - 0x00007ffabd731000 	c:\Users\Gyurácz Olivér\.vscode\extensions\redhat.java-1.14.0-win32-x64\jre\17.0.5-win32-x86_64\bin\msvcp140.dll
0x00007ffab0a00000 - 0x00007ffab1644000 	c:\Users\Gyurácz Olivér\.vscode\extensions\redhat.java-1.14.0-win32-x64\jre\17.0.5-win32-x86_64\bin\server\jvm.dll
0x00007ffadf7e0000 - 0x00007ffadf88e000 	C:\Windows\System32\ADVAPI32.dll
0x00007ffadde50000 - 0x00007ffaddeec000 	C:\Windows\System32\sechost.dll
0x00007ffaded70000 - 0x00007ffadee95000 	C:\Windows\System32\RPCRT4.dll
0x00007ffad1470000 - 0x00007ffad147a000 	C:\Windows\SYSTEM32\VERSION.dll
0x00007ffac80e0000 - 0x00007ffac8107000 	C:\Windows\SYSTEM32\WINMM.dll
0x00007ffac67a0000 - 0x00007ffac67a9000 	C:\Windows\SYSTEM32\WSOCK32.dll
0x00007ffade9a0000 - 0x00007ffadea0b000 	C:\Windows\System32\WS2_32.dll
0x00007ffadaf80000 - 0x00007ffadaf92000 	C:\Windows\SYSTEM32\kernel.appcore.dll
0x00007ffad8bd0000 - 0x00007ffad8bda000 	c:\Users\Gyurácz Olivér\.vscode\extensions\redhat.java-1.14.0-win32-x64\jre\17.0.5-win32-x86_64\bin\jimage.dll
0x00007ffacce80000 - 0x00007ffacd064000 	C:\Windows\SYSTEM32\DBGHELP.DLL
0x00007ffacd450000 - 0x00007ffacd485000 	C:\Windows\SYSTEM32\dbgcore.DLL
0x00007ffadd910000 - 0x00007ffadd992000 	C:\Windows\System32\bcryptPrimitives.dll
0x00007ffad62b0000 - 0x00007ffad62be000 	c:\Users\Gyurácz Olivér\.vscode\extensions\redhat.java-1.14.0-win32-x64\jre\17.0.5-win32-x86_64\bin\instrument.dll
0x00007ffacd7c0000 - 0x00007ffacd7e5000 	c:\Users\Gyurácz Olivér\.vscode\extensions\redhat.java-1.14.0-win32-x64\jre\17.0.5-win32-x86_64\bin\java.dll
0x00007ffad6290000 - 0x00007ffad62a8000 	c:\Users\Gyurácz Olivér\.vscode\extensions\redhat.java-1.14.0-win32-x64\jre\17.0.5-win32-x86_64\bin\zip.dll
0x00007ffadeef0000 - 0x00007ffadf635000 	C:\Windows\System32\SHELL32.dll
0x00007ffadb180000 - 0x00007ffadb912000 	C:\Windows\SYSTEM32\windows.storage.dll
0x00007ffadea10000 - 0x00007ffaded65000 	C:\Windows\System32\combase.dll
0x00007ffadc9a0000 - 0x00007ffadc9d0000 	C:\Windows\SYSTEM32\Wldp.dll
0x00007ffadf890000 - 0x00007ffadf93d000 	C:\Windows\System32\SHCORE.dll
0x00007ffade940000 - 0x00007ffade995000 	C:\Windows\System32\shlwapi.dll
0x00007ffadd040000 - 0x00007ffadd05f000 	C:\Windows\SYSTEM32\profapi.dll
0x00007ffad5a60000 - 0x00007ffad5a79000 	C:\Users\Gyurácz Olivér\.vscode\extensions\redhat.java-1.14.0-win32-x64\jre\17.0.5-win32-x86_64\bin\net.dll
0x00007ffad34e0000 - 0x00007ffad35ec000 	C:\Windows\SYSTEM32\WINHTTP.dll
0x00007ffadc780000 - 0x00007ffadc7ea000 	C:\Windows\system32\mswsock.dll
0x00007ffac6030000 - 0x00007ffac6045000 	C:\Users\Gyurácz Olivér\.vscode\extensions\redhat.java-1.14.0-win32-x64\jre\17.0.5-win32-x86_64\bin\nio.dll
0x00007ffad5e50000 - 0x00007ffad5e60000 	c:\Users\Gyurácz Olivér\.vscode\extensions\redhat.java-1.14.0-win32-x64\jre\17.0.5-win32-x86_64\bin\verify.dll
0x00007ffac5eb0000 - 0x00007ffac5eee000 	C:\Users\Gyurácz Olivér\AppData\Roaming\Code\User\globalStorage\redhat.java\1.14.0\config_ss_win\org.eclipse.equinox.launcher\org.eclipse.equinox.launcher.win32.win32.x86_64_1.2.700.v20221108-1024\eclipse_11801.dll
0x00007ffaddef0000 - 0x00007ffade01a000 	C:\Windows\System32\ole32.dll
0x00007ffadc9e0000 - 0x00007ffadc9f8000 	C:\Windows\SYSTEM32\CRYPTSP.dll
0x00007ffadc0c0000 - 0x00007ffadc0f4000 	C:\Windows\system32\rsaenh.dll
0x00007ffadd100000 - 0x00007ffadd127000 	C:\Windows\System32\bcrypt.dll
0x00007ffadd000000 - 0x00007ffadd02e000 	C:\Windows\SYSTEM32\USERENV.dll
0x00007ffadc910000 - 0x00007ffadc91c000 	C:\Windows\SYSTEM32\CRYPTBASE.dll
0x00007ffadc490000 - 0x00007ffadc4cb000 	C:\Windows\SYSTEM32\IPHLPAPI.DLL
0x00007ffadf6f0000 - 0x00007ffadf6f8000 	C:\Windows\System32\NSI.dll
0x00007ffad6940000 - 0x00007ffad6957000 	C:\Windows\SYSTEM32\dhcpcsvc6.DLL
0x00007ffad6920000 - 0x00007ffad693d000 	C:\Windows\SYSTEM32\dhcpcsvc.DLL
0x00007ffadc4d0000 - 0x00007ffadc59b000 	C:\Windows\SYSTEM32\DNSAPI.dll
0x00007ffabd7b0000 - 0x00007ffabd7f0000 	C:\Users\Gyurácz Olivér\AppData\Local\Temp\jna--393894262\jna2364430412205006078.dll
0x00007ffade810000 - 0x00007ffade818000 	C:\Windows\System32\PSAPI.DLL

dbghelp: loaded successfully - version: 4.0.5 - missing functions: none
symbol engine: initialized successfully - sym options: 0x614 - pdb path: .;c:\Users\Gyurácz Olivér\.vscode\extensions\redhat.java-1.14.0-win32-x64\jre\17.0.5-win32-x86_64\bin;C:\Windows\SYSTEM32;C:\Windows\WinSxS\amd64_microsoft.windows.common-controls_6595b64144ccf1df_6.0.19041.1110_none_60b5254171f9507e;c:\Users\Gyurácz Olivér\.vscode\extensions\redhat.java-1.14.0-win32-x64\jre\17.0.5-win32-x86_64\bin\server;C:\Users\Gyurácz Olivér\AppData\Roaming\Code\User\globalStorage\redhat.java\1.14.0\config_ss_win\org.eclipse.equinox.launcher\org.eclipse.equinox.launcher.win32.win32.x86_64_1.2.700.v20221108-1024;C:\Users\Gyurácz Olivér\AppData\Local\Temp\jna--393894262

VM Arguments:
jvm_args: --add-modules=ALL-SYSTEM --add-opens=java.base/java.util=ALL-UNNAMED --add-opens=java.base/java.lang=ALL-UNNAMED --add-opens=java.base/sun.nio.fs=ALL-UNNAMED -Declipse.application=org.eclipse.jdt.ls.core.id1 -Dosgi.bundles.defaultStartLevel=4 -Declipse.product=org.eclipse.jdt.ls.core.product -Djava.import.generatesMetadataFilesAtProjectRoot=false -Dfile.encoding=utf8 -Xlog:disable -XX:+UseParallelGC -XX:GCTimeRatio=4 -XX:AdaptiveSizePolicyWeight=90 -Dsun.zip.disableMemoryMapping=true -Xmx1G -Xms100m -javaagent:c:\Users\Gyurácz Olivér\.vscode\extensions\redhat.java-1.14.0-win32-x64\lombok\lombok-1.18.24.jar 
java_command: c:\Users\Gyurácz Olivér\.vscode\extensions\redhat.java-1.14.0-win32-x64\server\plugins\org.eclipse.equinox.launcher_1.6.400.v20210924-0641.jar -configuration c:\Users\Gyurácz Olivér\AppData\Roaming\Code\User\globalStorage\redhat.java\1.14.0\config_ss_win -data c:\Users\Gyurácz Olivér\AppData\Roaming\Code\User\workspaceStorage\fdb14725f38622bb21c486fddf9c0f2f\redhat.java\ss_ws
java_class_path (initial): c:\Users\Gyurácz Olivér\.vscode\extensions\redhat.java-1.14.0-win32-x64\server\plugins\org.eclipse.equinox.launcher_1.6.400.v20210924-0641.jar
Launcher Type: SUN_STANDARD

[Global flags]
    uintx AdaptiveSizePolicyWeight                 = 90                                        {product} {command line}
     intx CICompilerCount                          = 3                                         {product} {ergonomic}
    uintx GCTimeRatio                              = 4                                         {product} {command line}
   size_t InitialHeapSize                          = 104857600                                 {product} {command line}
   size_t MaxHeapSize                              = 1073741824                                {product} {command line}
   size_t MaxNewSize                               = 357564416                                 {product} {ergonomic}
   size_t MinHeapDeltaBytes                        = 524288                                    {product} {ergonomic}
   size_t MinHeapSize                              = 104857600                                 {product} {command line}
   size_t NewSize                                  = 34603008                                  {product} {ergonomic}
    uintx NonNMethodCodeHeapSize                   = 5832780                                {pd product} {ergonomic}
    uintx NonProfiledCodeHeapSize                  = 122912730                              {pd product} {ergonomic}
   size_t OldSize                                  = 70254592                                  {product} {ergonomic}
    uintx ProfiledCodeHeapSize                     = 122912730                              {pd product} {ergonomic}
    uintx ReservedCodeCacheSize                    = 251658240                              {pd product} {ergonomic}
     bool SegmentedCodeCache                       = true                                      {product} {ergonomic}
   size_t SoftMaxHeapSize                          = 1073741824                             {manageable} {ergonomic}
     bool UseCompressedClassPointers               = true                           {product lp64_product} {ergonomic}
     bool UseCompressedOops                        = true                           {product lp64_product} {ergonomic}
     bool UseLargePagesIndividualAllocation        = false                                  {pd product} {ergonomic}
     bool UseParallelGC                            = true                                      {product} {command line}

Logging:
Log output configuration:
 #0: stdout all=off uptime,level,tags
 #1: stderr all=off uptime,level,tags

Environment Variables:
JAVA_HOME=C:\Program Files\Java\jdk1.8.0_181
PATH=C:\Program Files (x86)\Common Files\Oracle\Java\javapath;C:\Windows\system32;C:\Windows;C:\Windows\System32\Wbem;C:\Windows\System32\WindowsPowerShell\v1.0\;C:\Windows\System32\OpenSSH\;C:\Program Files\PuTTY\;C:\Program Files (x86)\Google\Cloud SDK\google-cloud-sdk\bin;C:\Program Files\nodejs\;C:\Program Files\Java\jdk1.8.0_181\bin;C:\Program Files\Java\gradle-7.4.2\bin;C:\Program Files\Java\jdk1.8.0_181\bin;C:\Program Files\Java\apache-maven-3.8.5\bin;C:\Program Files\Docker\Docker\resources\bin;C:\ProgramData\DockerDesktop\version-bin;C:\Program Files\Redis;C:\Program Files\Java\apache-tomcat-9.0.48\bin;C:\Users\Gyurácz Olivér\AppData\Local\Programs\Python\Python37\Scripts\;C:\Users\Gyurácz Olivér\AppData\Local\Programs\Python\Python37\;C:\Users\Gyurácz Olivér\AppData\Local\Microsoft\WindowsApps;C:\Program Files\Java\jdk1.8.0_181\bin;C:\Users\Gyurácz Olivér\AppData\Local\Programs\Azure Data Studio\bin;C:\Users\Gyurácz Olivér\AppData\Local\Programs\Microsoft VS Code\bin;D:\Android;C:\Program Files\JetBrains\IntelliJ IDEA Community Edition 2020.2.3\bin;C:\Program Files\JetBrains\PyCharm Community Edition 2021.2.1\bin;C:\Users\Gyurácz Olivér\AppData\Local\GitHubDesktop\bin;C:\Users\Gyurácz Olivér\AppData\Roaming\npm;C:\Program Files\Java\gradle-7.4.2\bin;C:\Program Files\Java\apache-maven-3.8.5\bin;C:\Program Files\Java\jdk1.8.0_181\bin;C:\Program Files\Redis;C:\Program Files\Java\apache-tomcat-9.0.48\bin;C:\Users\Gyurácz Olivér\AppData\Local\JetBrains\Toolbox\scripts;
USERNAME=Gyurácz Olivér
OS=Windows_NT
PROCESSOR_IDENTIFIER=Intel64 Family 6 Model 61 Stepping 4, GenuineIntel
TMP=C:\Users\GYURCZ~1\AppData\Local\Temp
TEMP=C:\Users\GYURCZ~1\AppData\Local\Temp



---------------  S Y S T E M  ---------------

OS:
 Windows 10 , 64 bit Build 19041 (10.0.19041.2546)
OS uptime: 0 days 1:27 hours
Hyper-V role detected

CPU: total 4 (initial active 4) (2 cores per cpu, 2 threads per core) family 6 model 61 stepping 4 microcode 0x2d, cx8, cmov, fxsr, ht, mmx, 3dnowpref, sse, sse2, sse3, ssse3, sse4.1, sse4.2, popcnt, lzcnt, tsc, tscinvbit, avx, avx2, aes, erms, clmul, bmi1, bmi2, rtm, adx, fma, vzeroupper, clflush, hv

Memory: 4k page, system-wide physical 8071M (779M free)
TotalPageFile size 8071M (AvailPageFile size 1M)
current process WorkingSet (physical memory assigned to process): 194M, peak: 217M
current process commit charge ("private bytes"): 239M, peak: 297M

vm_info: OpenJDK 64-Bit Server VM (17.0.5+8) for windows-amd64 JRE (17.0.5+8), built on Oct 19 2022 04:48:13 by "temurin" with MS VC++ 16.7 (VS2019)

END.
